<?xml version="1.0" encoding="UTF-8"?>
<testsuite name="com.bus24.util.Bus24UtilApplicationTests" time="0.003" tests="1" errors="1" skipped="0" failures="0">
  <properties>
[...]
</properties>
  <testcase name="initializationError" classname="com.bus24.util.Bus24UtilApplicationTests" time="0.003">
    <error message="Unable to find a @SpringBootConfiguration, you need to use @ContextConfiguration or @SpringBootTest(classes=...) with your test" type="java.lang.IllegalStateException"><![CDATA[java.lang.IllegalStateException: Unable to find a @SpringBootConfiguration, you need to use @ContextConfiguration or @SpringBootTest(classes=...) with your test
	at org.springframework.util.Assert.state(Assert.java:70)
	at org.springframework.boot.test.context.SpringBootTestContextBootstrapper.getOrFindConfigurationClasses(SpringBootTestContextBootstrapper.java:173)
	at org.springframework.boot.test.context.SpringBootTestContextBootstrapper.processMergedContextConfiguration(SpringBootTestContextBootstrapper.java:133)
	at org.springframework.test.context.support.AbstractTestContextBootstrapper.buildMergedContextConfiguration(AbstractTestContextBootstrapper.java:409)
	at org.springframework.test.context.support.AbstractTestContextBootstrapper.buildDefaultMergedContextConfiguration(AbstractTestContextBootstrapper.java:323)
	at org.springframework.test.context.support.AbstractTestContextBootstrapper.buildMergedContextConfiguration(AbstractTestContextBootstrapper.java:277)
	at org.springframework.test.context.support.AbstractTestContextBootstrapper.buildTestContext(AbstractTestContextBootstrapper.java:112)
	at org.springframework.boot.test.context.SpringBootTestContextBootstrapper.buildTestContext(SpringBootTestContextBootstrapper.java:78)
	at org.springframework.test.context.TestContextManager.<init>(TestContextManager.java:120)
	at org.springframework.test.context.TestContextManager.<init>(TestContextManager.java:105)
	at org.springframework.test.context.junit4.SpringJUnit4ClassRunner.createTestContextManager(SpringJUnit4ClassRunner.java:152)
	at org.springframework.test.context.junit4.SpringJUnit4ClassRunner.<init>(SpringJUnit4ClassRunner.java:143)
	at org.springframework.test.context.junit4.SpringRunner.<init>(SpringRunner.java:49)
	at sun.reflect.NativeConstructorAccessorImpl.newInstance0(Native Method)
	at sun.reflect.NativeConstructorAccessorImpl.newInstance(NativeConstructorAccessorImpl.java:62)
	at sun.reflect.DelegatingConstructorAccessorImpl.newInstance(DelegatingConstructorAccessorImpl.java:45)
	at java.lang.reflect.Constructor.newInstance(Constructor.java:423)
	at org.junit.internal.builders.AnnotatedBuilder.buildRunner(AnnotatedBuilder.java:104)
	at org.junit.internal.builders.AnnotatedBuilder.runnerForClass(AnnotatedBuilder.java:86)
	at org.junit.runners.model.RunnerBuilder.safeRunnerForClass(RunnerBuilder.java:59)
	at org.junit.internal.builders.AllDefaultPossibilitiesBuilder.runnerForClass(AllDefaultPossibilitiesBuilder.java:26)
	at org.junit.runners.model.RunnerBuilder.safeRunnerForClass(RunnerBuilder.java:59)
	at org.junit.internal.requests.ClassRequest.getRunner(ClassRequest.java:33)
	at org.apache.maven.surefire.junit4.JUnit4Provider.execute(JUnit4Provider.java:283)
	at org.apache.maven.surefire.junit4.JUnit4Provider.executeWithRerun(JUnit4Provider.java:173)
	at org.apache.maven.surefire.junit4.JUnit4Provider.executeTestSet(JUnit4Provider.java:153)
	at org.apache.maven.surefire.junit4.JUnit4Provider.invoke(JUnit4Provider.java:128)
	at org.apache.maven.surefire.booter.ForkedBooter.invokeProviderInSameClassLoader(ForkedBooter.java:203)
	at org.apache.maven.surefire.booter.ForkedBooter.runSuitesInProcess(ForkedBooter.java:155)
	at org.apache.maven.surefire.booter.ForkedBooter.main(ForkedBooter.java:103)
]]></error>
    <system-out><![CDATA[20:07:12.076 [main] DEBUG org.springframework.test.context.junit4.SpringJUnit4ClassRunner - SpringJUnit4ClassRunner constructor called with [class com.bus24.util.Bus24UtilApplicationTests]
20:07:12.103 [main] DEBUG org.springframework.test.context.BootstrapUtils - Instantiating CacheAwareContextLoaderDelegate from class [org.springframework.test.context.cache.DefaultCacheAwareContextLoaderDelegate]
20:07:12.146 [main] DEBUG org.springframework.test.context.BootstrapUtils - Instantiating BootstrapContext using constructor [public org.springframework.test.context.support.DefaultBootstrapContext(java.lang.Class,org.springframework.test.context.CacheAwareContextLoaderDelegate)]
20:07:12.177 [main] DEBUG org.springframework.test.context.BootstrapUtils - Instantiating TestContextBootstrapper for test class [com.bus24.util.Bus24UtilApplicationTests] from class [org.springframework.boot.test.context.SpringBootTestContextBootstrapper]
20:07:12.229 [main] INFO org.springframework.boot.test.context.SpringBootTestContextBootstrapper - Neither @ContextConfiguration nor @ContextHierarchy found for test class [com.bus24.util.Bus24UtilApplicationTests], using SpringBootContextLoader
20:07:12.237 [main] DEBUG org.springframework.test.context.support.AbstractContextLoader - Did not detect default resource location for test class [com.bus24.util.Bus24UtilApplicationTests]: class path resource [com/bus24/util/Bus24UtilApplicationTests-context.xml] does not exist
20:07:12.238 [main] DEBUG org.springframework.test.context.support.AbstractContextLoader - Did not detect default resource location for test class [com.bus24.util.Bus24UtilApplicationTests]: class path resource [com/bus24/util/Bus24UtilApplicationTestsContext.groovy] does not exist
20:07:12.238 [main] INFO org.springframework.test.context.support.AbstractContextLoader - Could not detect default resource locations for test class [com.bus24.util.Bus24UtilApplicationTests]: no resource found for suffixes {-context.xml, Context.groovy}.
20:07:12.239 [main] INFO org.springframework.test.context.support.AnnotationConfigContextLoaderUtils - Could not detect default configuration classes for test class [com.bus24.util.Bus24UtilApplicationTests]: Bus24UtilApplicationTests does not declare any static, non-private, non-final, nested classes annotated with @Configuration.
20:07:12.396 [main] DEBUG org.springframework.test.context.support.ActiveProfilesUtils - Could not find an 'annotation declaring class' for annotation type [org.springframework.test.context.ActiveProfiles] and class [com.bus24.util.Bus24UtilApplicationTests]
20:07:12.414 [main] DEBUG org.springframework.core.env.StandardEnvironment - Adding [systemProperties] PropertySource with lowest search precedence
20:07:12.416 [main] DEBUG org.springframework.core.env.StandardEnvironment - Adding [systemEnvironment] PropertySource with lowest search precedence
20:07:12.417 [main] DEBUG org.springframework.core.env.StandardEnvironment - Initialized StandardEnvironment with PropertySources [systemProperties,systemEnvironment]
20:07:12.437 [main] DEBUG org.springframework.core.io.support.PathMatchingResourcePatternResolver - Resolved classpath location [com/bus24/util/] to resources [URL [file:/G:/STSPROGRAM/Bus24_Util/target/test-classes/com/bus24/util/], URL [file:/G:/STSPROGRAM/Bus24_Util/target/classes/com/bus24/util/]]
20:07:12.437 [main] DEBUG org.springframework.core.io.support.PathMatchingResourcePatternResolver - Looking for matching resources in directory tree [G:\STSPROGRAM\Bus24_Util\target\test-classes\com\bus24\util]
20:07:12.438 [main] DEBUG org.springframework.core.io.support.PathMatchingResourcePatternResolver - Searching directory [G:\STSPROGRAM\Bus24_Util\target\test-classes\com\bus24\util] for files matching pattern [G:/STSPROGRAM/Bus24_Util/target/test-classes/com/bus24/util/*.class]
20:07:12.442 [main] DEBUG org.springframework.core.io.support.PathMatchingResourcePatternResolver - Looking for matching resources in directory tree [G:\STSPROGRAM\Bus24_Util\target\classes\com\bus24\util]
20:07:12.442 [main] DEBUG org.springframework.core.io.support.PathMatchingResourcePatternResolver - Searching directory [G:\STSPROGRAM\Bus24_Util\target\classes\com\bus24\util] for files matching pattern [G:/STSPROGRAM/Bus24_Util/target/classes/com/bus24/util/*.class]
20:07:12.450 [main] DEBUG org.springframework.core.io.support.PathMatchingResourcePatternResolver - Resolved location pattern [classpath*:com/bus24/util/*.class] to resources [file [G:\STSPROGRAM\Bus24_Util\target\test-classes\com\bus24\util\Bus24UtilApplicationTests.class], file [G:\STSPROGRAM\Bus24_Util\target\classes\com\bus24\util\JsonUtil.class], file [G:\STSPROGRAM\Bus24_Util\target\classes\com\bus24\util\OTPGenerator.class], file [G:\STSPROGRAM\Bus24_Util\target\classes\com\bus24\util\PasswordGenerator.class], file [G:\STSPROGRAM\Bus24_Util\target\classes\com\bus24\util\Roles.class], file [G:\STSPROGRAM\Bus24_Util\target\classes\com\bus24\util\SmsTemplates.class], file [G:\STSPROGRAM\Bus24_Util\target\classes\com\bus24\util\StatusUtil.class], file [G:\STSPROGRAM\Bus24_Util\target\classes\com\bus24\util\TokenUtil.class], file [G:\STSPROGRAM\Bus24_Util\target\classes\com\bus24\util\ValidationUtil.class]]
20:07:12.493 [main] DEBUG org.springframework.core.io.support.PathMatchingResourcePatternResolver - Resolved classpath location [com/bus24/] to resources [URL [file:/G:/STSPROGRAM/Bus24_Util/target/test-classes/com/bus24/], URL [file:/G:/STSPROGRAM/Bus24_Util/target/classes/com/bus24/]]
20:07:12.494 [main] DEBUG org.springframework.core.io.support.PathMatchingResourcePatternResolver - Looking for matching resources in directory tree [G:\STSPROGRAM\Bus24_Util\target\test-classes\com\bus24]
20:07:12.494 [main] DEBUG org.springframework.core.io.support.PathMatchingResourcePatternResolver - Searching directory [G:\STSPROGRAM\Bus24_Util\target\test-classes\com\bus24] for files matching pattern [G:/STSPROGRAM/Bus24_Util/target/test-classes/com/bus24/*.class]
20:07:12.494 [main] DEBUG org.springframework.core.io.support.PathMatchingResourcePatternResolver - Looking for matching resources in directory tree [G:\STSPROGRAM\Bus24_Util\target\classes\com\bus24]
20:07:12.494 [main] DEBUG org.springframework.core.io.support.PathMatchingResourcePatternResolver - Searching directory [G:\STSPROGRAM\Bus24_Util\target\classes\com\bus24] for files matching pattern [G:/STSPROGRAM/Bus24_Util/target/classes/com/bus24/*.class]
20:07:12.495 [main] DEBUG org.springframework.core.io.support.PathMatchingResourcePatternResolver - Resolved location pattern [classpath*:com/bus24/*.class] to resources []
20:07:12.508 [main] DEBUG org.springframework.core.io.support.PathMatchingResourcePatternResolver - Resolved classpath location [com/] to resources [URL [file:/G:/STSPROGRAM/Bus24_Util/target/test-classes/com/], URL [file:/G:/STSPROGRAM/Bus24_Util/target/classes/com/], URL [jar:file:/C:/Users/DELL/.m2/repository/com/jayway/jsonpath/json-path/2.2.0/json-path-2.2.0.jar!/com/], URL [jar:file:/C:/Users/DELL/.m2/repository/com/fasterxml/classmate/1.3.3/classmate-1.3.3.jar!/com/], URL [jar:file:/C:/Users/DELL/.m2/repository/com/fasterxml/jackson/core/jackson-databind/2.8.8/jackson-databind-2.8.8.jar!/com/], URL [jar:file:/C:/Users/DELL/.m2/repository/com/fasterxml/jackson/core/jackson-annotations/2.8.8/jackson-annotations-2.8.8.jar!/com/], URL [jar:file:/C:/Users/DELL/.m2/repository/com/fasterxml/jackson/core/jackson-core/2.8.8/jackson-core-2.8.8.jar!/com/]]
20:07:12.509 [main] DEBUG org.springframework.core.io.support.PathMatchingResourcePatternResolver - Looking for matching resources in directory tree [G:\STSPROGRAM\Bus24_Util\target\test-classes\com]
20:07:12.510 [main] DEBUG org.springframework.core.io.support.PathMatchingResourcePatternResolver - Searching directory [G:\STSPROGRAM\Bus24_Util\target\test-classes\com] for files matching pattern [G:/STSPROGRAM/Bus24_Util/target/test-classes/com/*.class]
20:07:12.510 [main] DEBUG org.springframework.core.io.support.PathMatchingResourcePatternResolver - Looking for matching resources in directory tree [G:\STSPROGRAM\Bus24_Util\target\classes\com]
20:07:12.510 [main] DEBUG org.springframework.core.io.support.PathMatchingResourcePatternResolver - Searching directory [G:\STSPROGRAM\Bus24_Util\target\classes\com] for files matching pattern [G:/STSPROGRAM/Bus24_Util/target/classes/com/*.class]
20:07:12.513 [main] DEBUG org.springframework.core.io.support.PathMatchingResourcePatternResolver - Looking for matching resources in jar file [file:/C:/Users/DELL/.m2/repository/com/jayway/jsonpath/json-path/2.2.0/json-path-2.2.0.jar]
20:07:12.519 [main] DEBUG org.springframework.core.io.support.PathMatchingResourcePatternResolver - Looking for matching resources in jar file [file:/C:/Users/DELL/.m2/repository/com/fasterxml/classmate/1.3.3/classmate-1.3.3.jar]
20:07:12.525 [main] DEBUG org.springframework.core.io.support.PathMatchingResourcePatternResolver - Looking for matching resources in jar file [file:/C:/Users/DELL/.m2/repository/com/fasterxml/jackson/core/jackson-databind/2.8.8/jackson-databind-2.8.8.jar]
20:07:12.570 [main] DEBUG org.springframework.core.io.support.PathMatchingResourcePatternResolver - Looking for matching resources in jar file [file:/C:/Users/DELL/.m2/repository/com/fasterxml/jackson/core/jackson-annotations/2.8.8/jackson-annotations-2.8.8.jar]
20:07:12.571 [main] DEBUG org.springframework.core.io.support.PathMatchingResourcePatternResolver - Looking for matching resources in jar file [file:/C:/Users/DELL/.m2/repository/com/fasterxml/jackson/core/jackson-core/2.8.8/jackson-core-2.8.8.jar]
20:07:12.571 [main] DEBUG org.springframework.core.io.support.PathMatchingResourcePatternResolver - Resolved location pattern [classpath*:com/*.class] to resources []
20:07:12.595 [main] DEBUG org.springframework.test.context.junit4.SpringJUnit4ClassRunner - SpringJUnit4ClassRunner constructor called with [class com.bus24.util.Bus24UtilApplicationTests]
20:07:12.595 [main] DEBUG org.springframework.test.context.BootstrapUtils - Instantiating CacheAwareContextLoaderDelegate from class [org.springframework.test.context.cache.DefaultCacheAwareContextLoaderDelegate]
20:07:12.596 [main] DEBUG org.springframework.test.context.BootstrapUtils - Instantiating BootstrapContext using constructor [public org.springframework.test.context.support.DefaultBootstrapContext(java.lang.Class,org.springframework.test.context.CacheAwareContextLoaderDelegate)]
20:07:12.596 [main] DEBUG org.springframework.test.context.BootstrapUtils - Instantiating TestContextBootstrapper for test class [com.bus24.util.Bus24UtilApplicationTests] from class [org.springframework.boot.test.context.SpringBootTestContextBootstrapper]
20:07:12.597 [main] INFO org.springframework.boot.test.context.SpringBootTestContextBootstrapper - Neither @ContextConfiguration nor @ContextHierarchy found for test class [com.bus24.util.Bus24UtilApplicationTests], using SpringBootContextLoader
20:07:12.597 [main] DEBUG org.springframework.test.context.support.AbstractContextLoader - Did not detect default resource location for test class [com.bus24.util.Bus24UtilApplicationTests]: class path resource [com/bus24/util/Bus24UtilApplicationTests-context.xml] does not exist
20:07:12.598 [main] DEBUG org.springframework.test.context.support.AbstractContextLoader - Did not detect default resource location for test class [com.bus24.util.Bus24UtilApplicationTests]: class path resource [com/bus24/util/Bus24UtilApplicationTestsContext.groovy] does not exist
20:07:12.598 [main] INFO org.springframework.test.context.support.AbstractContextLoader - Could not detect default resource locations for test class [com.bus24.util.Bus24UtilApplicationTests]: no resource found for suffixes {-context.xml, Context.groovy}.
20:07:12.598 [main] INFO org.springframework.test.context.support.AnnotationConfigContextLoaderUtils - Could not detect default configuration classes for test class [com.bus24.util.Bus24UtilApplicationTests]: Bus24UtilApplicationTests does not declare any static, non-private, non-final, nested classes annotated with @Configuration.
20:07:12.617 [main] DEBUG org.springframework.test.context.support.ActiveProfilesUtils - Could not find an 'annotation declaring class' for annotation type [org.springframework.test.context.ActiveProfiles] and class [com.bus24.util.Bus24UtilApplicationTests]
20:07:12.617 [main] DEBUG org.springframework.core.env.StandardEnvironment - Adding [systemProperties] PropertySource with lowest search precedence
20:07:12.618 [main] DEBUG org.springframework.core.env.StandardEnvironment - Adding [systemEnvironment] PropertySource with lowest search precedence
20:07:12.624 [main] DEBUG org.springframework.core.env.StandardEnvironment - Initialized StandardEnvironment with PropertySources [systemProperties,systemEnvironment]
20:07:12.624 [main] DEBUG org.springframework.core.io.support.PathMatchingResourcePatternResolver - Resolved classpath location [com/bus24/util/] to resources [URL [file:/G:/STSPROGRAM/Bus24_Util/target/test-classes/com/bus24/util/], URL [file:/G:/STSPROGRAM/Bus24_Util/target/classes/com/bus24/util/]]
20:07:12.625 [main] DEBUG org.springframework.core.io.support.PathMatchingResourcePatternResolver - Looking for matching resources in directory tree [G:\STSPROGRAM\Bus24_Util\target\test-classes\com\bus24\util]
20:07:12.625 [main] DEBUG org.springframework.core.io.support.PathMatchingResourcePatternResolver - Searching directory [G:\STSPROGRAM\Bus24_Util\target\test-classes\com\bus24\util] for files matching pattern [G:/STSPROGRAM/Bus24_Util/target/test-classes/com/bus24/util/*.class]
20:07:12.626 [main] DEBUG org.springframework.core.io.support.PathMatchingResourcePatternResolver - Looking for matching resources in directory tree [G:\STSPROGRAM\Bus24_Util\target\classes\com\bus24\util]
20:07:12.626 [main] DEBUG org.springframework.core.io.support.PathMatchingResourcePatternResolver - Searching directory [G:\STSPROGRAM\Bus24_Util\target\classes\com\bus24\util] for files matching pattern [G:/STSPROGRAM/Bus24_Util/target/classes/com/bus24/util/*.class]
20:07:12.627 [main] DEBUG org.springframework.core.io.support.PathMatchingResourcePatternResolver - Resolved location pattern [classpath*:com/bus24/util/*.class] to resources [file [G:\STSPROGRAM\Bus24_Util\target\test-classes\com\bus24\util\Bus24UtilApplicationTests.class], file [G:\STSPROGRAM\Bus24_Util\target\classes\com\bus24\util\JsonUtil.class], file [G:\STSPROGRAM\Bus24_Util\target\classes\com\bus24\util\OTPGenerator.class], file [G:\STSPROGRAM\Bus24_Util\target\classes\com\bus24\util\PasswordGenerator.class], file [G:\STSPROGRAM\Bus24_Util\target\classes\com\bus24\util\Roles.class], file [G:\STSPROGRAM\Bus24_Util\target\classes\com\bus24\util\SmsTemplates.class], file [G:\STSPROGRAM\Bus24_Util\target\classes\com\bus24\util\StatusUtil.class], file [G:\STSPROGRAM\Bus24_Util\target\classes\com\bus24\util\TokenUtil.class], file [G:\STSPROGRAM\Bus24_Util\target\classes\com\bus24\util\ValidationUtil.class]]
20:07:12.631 [main] DEBUG org.springframework.core.io.support.PathMatchingResourcePatternResolver - Resolved classpath location [com/bus24/] to resources [URL [file:/G:/STSPROGRAM/Bus24_Util/target/test-classes/com/bus24/], URL [file:/G:/STSPROGRAM/Bus24_Util/target/classes/com/bus24/]]
20:07:12.631 [main] DEBUG org.springframework.core.io.support.PathMatchingResourcePatternResolver - Looking for matching resources in directory tree [G:\STSPROGRAM\Bus24_Util\target\test-classes\com\bus24]
20:07:12.631 [main] DEBUG org.springframework.core.io.support.PathMatchingResourcePatternResolver - Searching directory [G:\STSPROGRAM\Bus24_Util\target\test-classes\com\bus24] for files matching pattern [G:/STSPROGRAM/Bus24_Util/target/test-classes/com/bus24/*.class]
20:07:12.631 [main] DEBUG org.springframework.core.io.support.PathMatchingResourcePatternResolver - Looking for matching resources in directory tree [G:\STSPROGRAM\Bus24_Util\target\classes\com\bus24]
20:07:12.631 [main] DEBUG org.springframework.core.io.support.PathMatchingResourcePatternResolver - Searching directory [G:\STSPROGRAM\Bus24_Util\target\classes\com\bus24] for files matching pattern [G:/STSPROGRAM/Bus24_Util/target/classes/com/bus24/*.class]
20:07:12.632 [main] DEBUG org.springframework.core.io.support.PathMatchingResourcePatternResolver - Resolved location pattern [classpath*:com/bus24/*.class] to resources []
20:07:12.654 [main] DEBUG org.springframework.core.io.support.PathMatchingResourcePatternResolver - Resolved classpath location [com/] to resources [URL [file:/G:/STSPROGRAM/Bus24_Util/target/test-classes/com/], URL [file:/G:/STSPROGRAM/Bus24_Util/target/classes/com/], URL [jar:file:/C:/Users/DELL/.m2/repository/com/jayway/jsonpath/json-path/2.2.0/json-path-2.2.0.jar!/com/], URL [jar:file:/C:/Users/DELL/.m2/repository/com/fasterxml/classmate/1.3.3/classmate-1.3.3.jar!/com/], URL [jar:file:/C:/Users/DELL/.m2/repository/com/fasterxml/jackson/core/jackson-databind/2.8.8/jackson-databind-2.8.8.jar!/com/], URL [jar:file:/C:/Users/DELL/.m2/repository/com/fasterxml/jackson/core/jackson-annotations/2.8.8/jackson-annotations-2.8.8.jar!/com/], URL [jar:file:/C:/Users/DELL/.m2/repository/com/fasterxml/jackson/core/jackson-core/2.8.8/jackson-core-2.8.8.jar!/com/]]
20:07:12.654 [main] DEBUG org.springframework.core.io.support.PathMatchingResourcePatternResolver - Looking for matching resources in directory tree [G:\STSPROGRAM\Bus24_Util\target\test-classes\com]
20:07:12.655 [main] DEBUG org.springframework.core.io.support.PathMatchingResourcePatternResolver - Searching directory [G:\STSPROGRAM\Bus24_Util\target\test-classes\com] for files matching pattern [G:/STSPROGRAM/Bus24_Util/target/test-classes/com/*.class]
20:07:12.655 [main] DEBUG org.springframework.core.io.support.PathMatchingResourcePatternResolver - Looking for matching resources in directory tree [G:\STSPROGRAM\Bus24_Util\target\classes\com]
20:07:12.655 [main] DEBUG org.springframework.core.io.support.PathMatchingResourcePatternResolver - Searching directory [G:\STSPROGRAM\Bus24_Util\target\classes\com] for files matching pattern [G:/STSPROGRAM/Bus24_Util/target/classes/com/*.class]
20:07:12.656 [main] DEBUG org.springframework.core.io.support.PathMatchingResourcePatternResolver - Looking for matching resources in jar file [file:/C:/Users/DELL/.m2/repository/com/jayway/jsonpath/json-path/2.2.0/json-path-2.2.0.jar]
20:07:12.662 [main] DEBUG org.springframework.core.io.support.PathMatchingResourcePatternResolver - Looking for matching resources in jar file [file:/C:/Users/DELL/.m2/repository/com/fasterxml/classmate/1.3.3/classmate-1.3.3.jar]
20:07:12.663 [main] DEBUG org.springframework.core.io.support.PathMatchingResourcePatternResolver - Looking for matching resources in jar file [file:/C:/Users/DELL/.m2/repository/com/fasterxml/jackson/core/jackson-databind/2.8.8/jackson-databind-2.8.8.jar]
20:07:12.668 [main] DEBUG org.springframework.core.io.support.PathMatchingResourcePatternResolver - Looking for matching resources in jar file [file:/C:/Users/DELL/.m2/repository/com/fasterxml/jackson/core/jackson-annotations/2.8.8/jackson-annotations-2.8.8.jar]
20:07:12.669 [main] DEBUG org.springframework.core.io.support.PathMatchingResourcePatternResolver - Looking for matching resources in jar file [file:/C:/Users/DELL/.m2/repository/com/fasterxml/jackson/core/jackson-core/2.8.8/jackson-core-2.8.8.jar]
20:07:12.669 [main] DEBUG org.springframework.core.io.support.PathMatchingResourcePatternResolver - Resolved location pattern [classpath*:com/*.class] to resources []
]]></system-out>
  </testcase>
</testsuite>